<?xml version="1.0" encoding="UTF-8"?>
<!-- Generated by org.testng.reporters.JUnitReportReporter -->
<testsuite hostname="CIPL-LPT-1382" failures="0" tests="8" name="testcases.verifytestcases" time="-1679915008.000" errors="2" timestamp="2023-03-27T16:31:47 IST" skipped="6">
  <testcase classname="testcases.verifytestcases" name="setup" time="-1679915008.000">
    <error message="
Parameter &#039;env&#039; is required by BeforeClass on method setup but has not been marked @Optional or defined
in C:\Users\hiren.prajapati\AppData\Local\Temp\testng-eclipse-34581464\testng-customsuite.xml" type="org.testng.TestNGException">
      <![CDATA[org.testng.TestNGException: 
Parameter 'env' is required by BeforeClass on method setup but has not been marked @Optional or defined
in C:\Users\hiren.prajapati\AppData\Local\Temp\testng-eclipse-34581464\testng-customsuite.xml
at org.testng.internal.Parameters.createParams(Parameters.java:267)
at org.testng.internal.Parameters.createParametersForMethod(Parameters.java:355)
at org.testng.internal.Parameters.createParameters(Parameters.java:684)
at org.testng.internal.Parameters.createConfigurationParameters(Parameters.java:166)
at org.testng.internal.invokers.ConfigInvoker.invokeConfigurations(ConfigInvoker.java:277)
at org.testng.internal.invokers.TestMethodWorker.invokeBeforeClassMethods(TestMethodWorker.java:180)
at org.testng.internal.invokers.TestMethodWorker.run(TestMethodWorker.java:122)
at java.base/java.util.ArrayList.forEach(ArrayList.java:1511)
at org.testng.TestRunner.privateRun(TestRunner.java:829)
at org.testng.TestRunner.run(TestRunner.java:602)
at org.testng.SuiteRunner.runTest(SuiteRunner.java:437)
at org.testng.SuiteRunner.runSequentially(SuiteRunner.java:431)
at org.testng.SuiteRunner.privateRun(SuiteRunner.java:391)
at org.testng.SuiteRunner.run(SuiteRunner.java:330)
at org.testng.SuiteRunnerWorker.runSuite(SuiteRunnerWorker.java:52)
at org.testng.SuiteRunnerWorker.run(SuiteRunnerWorker.java:95)
at org.testng.TestNG.runSuitesSequentially(TestNG.java:1256)
at org.testng.TestNG.runSuitesLocally(TestNG.java:1176)
at org.testng.TestNG.runSuites(TestNG.java:1099)
at org.testng.TestNG.run(TestNG.java:1067)
at org.testng.remote.AbstractRemoteTestNG.run(AbstractRemoteTestNG.java:115)
at org.testng.remote.RemoteTestNG.initAndRun(RemoteTestNG.java:251)
at org.testng.remote.RemoteTestNG.main(RemoteTestNG.java:77)
]]>
    </error>
  </testcase> <!-- setup -->
  <system-out/>
  <testcase classname="testcases.verifytestcases" name="verifyvalidlogin" time="0.001">
    <skipped/>
  </testcase> <!-- verifyvalidlogin -->
  <system-out/>
  <testcase classname="testcases.verifytestcases" name="verifyvalidmenu" time="0.000">
    <skipped/>
  </testcase> <!-- verifyvalidmenu -->
  <system-out/>
  <testcase classname="testcases.verifytestcases" name="verifycampaign" time="0.000">
    <skipped/>
  </testcase> <!-- verifycampaign -->
  <system-out/>
  <testcase classname="testcases.verifytestcases" name="verifydisposationpage" time="0.000">
    <skipped/>
  </testcase> <!-- verifydisposationpage -->
  <system-out/>
  <testcase classname="testcases.verifytestcases" name="verifyvalidcustomerdetails" time="0.000">
    <skipped/>
  </testcase> <!-- verifyvalidcustomerdetails -->
  <system-out/>
  <testcase classname="testcases.verifytestcases" name="verifyvalidcustomeraddress" time="0.000">
    <skipped/>
  </testcase> <!-- verifyvalidcustomeraddress -->
  <system-out/>
  <testcase classname="testcases.verifytestcases" name="verifydeal" time="0.000">
    <error message="
Parameter &#039;providertyp&#039; is required by @Test on method verifydeal but has not been marked @Optional or defined
in C:\Users\hiren.prajapati\AppData\Local\Temp\testng-eclipse-34581464\testng-customsuite.xml" type="org.testng.TestNGException">
      <![CDATA[org.testng.TestNGException: 
Parameter 'providertyp' is required by @Test on method verifydeal but has not been marked @Optional or defined
in C:\Users\hiren.prajapati\AppData\Local\Temp\testng-eclipse-34581464\testng-customsuite.xml
at org.testng.internal.Parameters.createParams(Parameters.java:267)
at org.testng.internal.Parameters.createParametersForMethod(Parameters.java:355)
at org.testng.internal.Parameters.createParameters(Parameters.java:684)
at org.testng.internal.Parameters.handleParameters(Parameters.java:879)
at org.testng.internal.Parameters.handleParameters(Parameters.java:728)
at org.testng.internal.invokers.ParameterHandler.handleParameters(ParameterHandler.java:72)
at org.testng.internal.invokers.ParameterHandler.createParameters(ParameterHandler.java:51)
at org.testng.internal.invokers.TestInvoker$MethodInvocationAgent.invoke(TestInvoker.java:924)
at org.testng.internal.invokers.TestInvoker.invokeTestMethods(TestInvoker.java:194)
at org.testng.internal.invokers.TestMethodWorker.invokeTestMethods(TestMethodWorker.java:148)
at org.testng.internal.invokers.TestMethodWorker.run(TestMethodWorker.java:128)
at java.base/java.util.ArrayList.forEach(ArrayList.java:1511)
at org.testng.TestRunner.privateRun(TestRunner.java:829)
at org.testng.TestRunner.run(TestRunner.java:602)
at org.testng.SuiteRunner.runTest(SuiteRunner.java:437)
at org.testng.SuiteRunner.runSequentially(SuiteRunner.java:431)
at org.testng.SuiteRunner.privateRun(SuiteRunner.java:391)
at org.testng.SuiteRunner.run(SuiteRunner.java:330)
at org.testng.SuiteRunnerWorker.runSuite(SuiteRunnerWorker.java:52)
at org.testng.SuiteRunnerWorker.run(SuiteRunnerWorker.java:95)
at org.testng.TestNG.runSuitesSequentially(TestNG.java:1256)
at org.testng.TestNG.runSuitesLocally(TestNG.java:1176)
at org.testng.TestNG.runSuites(TestNG.java:1099)
at org.testng.TestNG.run(TestNG.java:1067)
at org.testng.remote.AbstractRemoteTestNG.run(AbstractRemoteTestNG.java:115)
at org.testng.remote.RemoteTestNG.initAndRun(RemoteTestNG.java:251)
at org.testng.remote.RemoteTestNG.main(RemoteTestNG.java:77)
]]>
    </error>
  </testcase> <!-- verifydeal -->
  <system-out/>
</testsuite> <!-- testcases.verifytestcases -->
